# JRE version: Java(TM) SE Runtime Environment (8.0_101-b13) (build 1.8.0_101-b13)
# Java VM: Java HotSpot(TM) 64-Bit Server VM (25.101-b13 mixed mode windows-amd64 compressed oops)
Heap:
 PSYoungGen      total 303616K, used 74948K [0x00000000d5a00000, 0x00000000f0800000, 0x0000000100000000)
  eden space 259584K, 15% used [0x00000000d5a00000,0x00000000d80806e0,0x00000000e5780000)
  from space 44032K, 80% used [0x00000000e5780000,0x00000000e7a30980,0x00000000e8280000)
  to   space 48640K, 0% used [0x00000000ed880000,0x00000000ed880000,0x00000000f0800000)
 ParOldGen       total 183808K, used 100499K [0x0000000080e00000, 0x000000008c180000, 0x00000000d5a00000)
  object space 183808K, 54% used [0x0000000080e00000,0x0000000087024df0,0x000000008c180000)
 Metaspace       used 30118K, capacity 30489K, committed 30808K, reserved 1077248K
  class space    used 3736K, capacity 3845K, committed 3968K, reserved 1048576K
GC Heap History (10 events):
Event: 11.783 GC heap before
{Heap before GC invocations=16 (full 2):
 PSYoungGen      total 165888K, used 165078K [0x00000000d5a00000, 0x00000000e3880000, 0x0000000100000000)
  eden space 157184K, 100% used [0x00000000d5a00000,0x00000000df380000,0x00000000df380000)
  from space 8704K, 90% used [0x00000000df380000,0x00000000dfb359f8,0x00000000dfc00000)
  to   space 9216K, 0% used [0x00000000e2f80000,0x00000000e2f80000,0x00000000e3880000)
 ParOldGen       total 84480K, used 29717K [0x0000000080e00000, 0x0000000086080000, 0x00000000d5a00000)
  object space 84480K, 35% used [0x0000000080e00000,0x0000000082b05780,0x0000000086080000)
 Metaspace       used 27651K, capacity 27957K, committed 28376K, reserved 1075200K
  class space    used 3422K, capacity 3517K, committed 3584K, reserved 1048576K
Event: 11.817 GC heap after
Heap after GC invocations=16 (full 2):
 PSYoungGen      total 206848K, used 9209K [0x00000000d5a00000, 0x00000000e5180000, 0x0000000100000000)
  eden space 197632K, 0% used [0x00000000d5a00000,0x00000000d5a00000,0x00000000e1b00000)
  from space 9216K, 99% used [0x00000000e2f80000,0x00000000e387e638,0x00000000e3880000)
  to   space 20992K, 0% used [0x00000000e1b00000,0x00000000e1b00000,0x00000000e2f80000)
 ParOldGen       total 84480K, used 58859K [0x0000000080e00000, 0x0000000086080000, 0x00000000d5a00000)
  object space 84480K, 69% used [0x0000000080e00000,0x000000008477ade8,0x0000000086080000)
 Metaspace       used 27651K, capacity 27957K, committed 28376K, reserved 1075200K
  class space    used 3422K, capacity 3517K, committed 3584K, reserved 1048576K
}
Event: 13.961 GC heap before
{Heap before GC invocations=17 (full 2):
 PSYoungGen      total 206848K, used 206841K [0x00000000d5a00000, 0x00000000e5180000, 0x0000000100000000)
  eden space 197632K, 100% used [0x00000000d5a00000,0x00000000e1b00000,0x00000000e1b00000)
  from space 9216K, 99% used [0x00000000e2f80000,0x00000000e387e638,0x00000000e3880000)
  to   space 20992K, 0% used [0x00000000e1b00000,0x00000000e1b00000,0x00000000e2f80000)
 ParOldGen       total 84480K, used 58859K [0x0000000080e00000, 0x0000000086080000, 0x00000000d5a00000)
  object space 84480K, 69% used [0x0000000080e00000,0x000000008477ade8,0x0000000086080000)
 Metaspace       used 27700K, capacity 28021K, committed 28376K, reserved 1075200K
  class space    used 3422K, capacity 3517K, committed 3584K, reserved 1048576K
Event: 14.006 GC heap after
Heap after GC invocations=17 (full 2):
 PSYoungGen      total 218624K, used 20965K [0x00000000d5a00000, 0x00000000ea680000, 0x0000000100000000)
  eden space 197632K, 0% used [0x00000000d5a00000,0x00000000d5a00000,0x00000000e1b00000)
  from space 20992K, 99% used [0x00000000e1b00000,0x00000000e2f797f8,0x00000000e2f80000)
  to   space 35840K, 0% used [0x00000000e8380000,0x00000000e8380000,0x00000000ea680000)
 ParOldGen       total 89600K, used 89267K [0x0000000080e00000, 0x0000000086580000, 0x00000000d5a00000)
  object space 89600K, 99% used [0x0000000080e00000,0x000000008652cda0,0x0000000086580000)
 Metaspace       used 27700K, capacity 28021K, committed 28376K, reserved 1075200K
  class space    used 3422K, capacity 3517K, committed 3584K, reserved 1048576K
}
Event: 14.006 GC heap before
{Heap before GC invocations=18 (full 3):
 PSYoungGen      total 218624K, used 20965K [0x00000000d5a00000, 0x00000000ea680000, 0x0000000100000000)
  eden space 197632K, 0% used [0x00000000d5a00000,0x00000000d5a00000,0x00000000e1b00000)
  from space 20992K, 99% used [0x00000000e1b00000,0x00000000e2f797f8,0x00000000e2f80000)
  to   space 35840K, 0% used [0x00000000e8380000,0x00000000e8380000,0x00000000ea680000)
 ParOldGen       total 89600K, used 89267K [0x0000000080e00000, 0x0000000086580000, 0x00000000d5a00000)
  object space 89600K, 99% used [0x0000000080e00000,0x000000008652cda0,0x0000000086580000)
 Metaspace       used 27700K, capacity 28021K, committed 28376K, reserved 1075200K
  class space    used 3422K, capacity 3517K, committed 3584K, reserved 1048576K
Event: 14.140 GC heap after
Heap after GC invocations=18 (full 3):
 PSYoungGen      total 218624K, used 0K [0x00000000d5a00000, 0x00000000ea680000, 0x0000000100000000)
  eden space 197632K, 0% used [0x00000000d5a00000,0x00000000d5a00000,0x00000000e1b00000)
  from space 20992K, 0% used [0x00000000e1b00000,0x00000000e1b00000,0x00000000e2f80000)
  to   space 35840K, 0% used [0x00000000e8380000,0x00000000e8380000,0x00000000ea680000)
 ParOldGen       total 183808K, used 86433K [0x0000000080e00000, 0x000000008c180000, 0x00000000d5a00000)
  object space 183808K, 47% used [0x0000000080e00000,0x0000000086268650,0x000000008c180000)
 Metaspace       used 27700K, capacity 28021K, committed 28376K, reserved 1075200K
  class space    used 3422K, capacity 3517K, committed 3584K, reserved 1048576K
}
Event: 15.723 GC heap before
{Heap before GC invocations=19 (full 3):
 PSYoungGen      total 218624K, used 197632K [0x00000000d5a00000, 0x00000000ea680000, 0x0000000100000000)
  eden space 197632K, 100% used [0x00000000d5a00000,0x00000000e1b00000,0x00000000e1b00000)
  from space 20992K, 0% used [0x00000000e1b00000,0x00000000e1b00000,0x00000000e2f80000)
  to   space 35840K, 0% used [0x00000000e8380000,0x00000000e8380000,0x00000000ea680000)
 ParOldGen       total 183808K, used 86433K [0x0000000080e00000, 0x000000008c180000, 0x00000000d5a00000)
  object space 183808K, 47% used [0x0000000080e00000,0x0000000086268650,0x000000008c180000)
 Metaspace       used 27749K, capacity 28085K, committed 28376K, reserved 1075200K
  class space    used 3423K, capacity 3517K, committed 3584K, reserved 1048576K
Event: 15.771 GC heap after
Heap after GC invocations=19 (full 3):
 PSYoungGen      total 295424K, used 35817K [0x00000000d5a00000, 0x00000000ead80000, 0x0000000100000000)
  eden space 259584K, 0% used [0x00000000d5a00000,0x00000000d5a00000,0x00000000e5780000)
  from space 35840K, 99% used [0x00000000e8380000,0x00000000ea67a758,0x00000000ea680000)
  to   space 44032K, 0% used [0x00000000e5780000,0x00000000e5780000,0x00000000e8280000)
 ParOldGen       total 183808K, used 92594K [0x0000000080e00000, 0x000000008c180000, 0x00000000d5a00000)
  object space 183808K, 50% used [0x0000000080e00000,0x000000008686ca58,0x000000008c180000)
 Metaspace       used 27749K, capacity 28085K, committed 28376K, reserved 1075200K
  class space    used 3423K, capacity 3517K, committed 3584K, reserved 1048576K
}
Event: 17.856 GC heap before
{Heap before GC invocations=20 (full 3):
 PSYoungGen      total 295424K, used 295401K [0x00000000d5a00000, 0x00000000ead80000, 0x0000000100000000)
  eden space 259584K, 100% used [0x00000000d5a00000,0x00000000e5780000,0x00000000e5780000)
  from space 35840K, 99% used [0x00000000e8380000,0x00000000ea67a758,0x00000000ea680000)
  to   space 44032K, 0% used [0x00000000e5780000,0x00000000e5780000,0x00000000e8280000)
 ParOldGen       total 183808K, used 92594K [0x0000000080e00000, 0x000000008c180000, 0x00000000d5a00000)
  object space 183808K, 50% used [0x0000000080e00000,0x000000008686ca58,0x000000008c180000)
 Metaspace       used 29582K, capacity 29933K, committed 30168K, reserved 1075200K
  class space    used 3677K, capacity 3811K, committed 3840K, reserved 1048576K
Event: 17.905 GC heap after
Heap after GC invocations=20 (full 3):
 PSYoungGen      total 303616K, used 35522K [0x00000000d5a00000, 0x00000000f0800000, 0x0000000100000000)
  eden space 259584K, 0% used [0x00000000d5a00000,0x00000000d5a00000,0x00000000e5780000)
  from space 44032K, 80% used [0x00000000e5780000,0x00000000e7a30980,0x00000000e8280000)
  to   space 48640K, 0% used [0x00000000ed880000,0x00000000ed880000,0x00000000f0800000)
 ParOldGen       total 183808K, used 100499K [0x0000000080e00000, 0x000000008c180000, 0x00000000d5a00000)
  object space 183808K, 54% used [0x0000000080e00000,0x0000000087024df0,0x000000008c180000)
 Metaspace       used 29582K, capacity 29933K, committed 30168K, reserved 1075200K
  class space    used 3677K, capacity 3811K, committed 3840K, reserved 1048576K
}

